<?xml version="1.0" encoding="UTF-8"?>
<!-- Generated by org.testng.reporters.JUnitXMLReporter -->
<testsuite ignored="0" hostname="DESKTOP-R5545K" failures="0" tests="3" name="Pixel_2" time="50.808" errors="0" timestamp="2022-10-12T12:32:40 IST">
  <testcase classname="com.QA.Test.TC001_LoginTest" name="invalidPassword" time="5.926"/>
  <testcase classname="com.QA.Test.TC001_LoginTest" name="invalidUserName" time="4.619"/>
  <testcase classname="com.QA.Test.TC001_LoginTest" name="successfulLogin" time="4.202"/>
</testsuite> <!-- Pixel_2 -->
