<?xml version="1.0" encoding="UTF-8"?>
<!-- Generated by org.testng.reporters.JUnitXMLReporter -->
<testsuite ignored="0" hostname="DESKTOP-MHJS6DJ" failures="0" tests="3" name="Test" time="79.791" errors="0" timestamp="2022-10-19T13:19:24 IST">
  <testcase classname="com.QA.Test.TC001_LoginTest" name="invalidPassword" time="13.615"/>
  <testcase classname="com.QA.Test.TC001_LoginTest" name="invalidUserName" time="13.456"/>
  <testcase classname="com.QA.Test.TC001_LoginTest" name="successfulLogin" time="11.658"/>
</testsuite> <!-- Test -->
