<?xml version="1.0" encoding="UTF-8"?>
<testng-results ignored="0" total="3" passed="3" failed="0" skipped="0">
  <reporter-output>
  </reporter-output>
  <suite started-at="2022-10-19T13:18:04 IST" name="Suite" finished-at="2022-10-19T13:19:24 IST" duration-ms="79791">
    <groups>
    </groups>
    <test started-at="2022-10-19T13:18:04 IST" name="Test" finished-at="2022-10-19T13:19:24 IST" duration-ms="79791">
      <class name="com.QA.Test.TC001_LoginTest">
        <test-method is-config="true" signature="beforeTest(java.lang.String,java.lang.String,java.lang.String)[pri:0, instance:com.QA.Test.TC001_LoginTest@15bb5034]" started-at="2022-10-19T13:18:04 IST" name="beforeTest" finished-at="2022-10-19T13:18:37 IST" duration-ms="32852" status="PASS">
          <params>
            <param index="0">
              <value>
                <![CDATA[false]]>
              </value>
            </param>
            <param index="1">
              <value>
                <![CDATA[Android]]>
              </value>
            </param>
            <param index="2">
              <value>
                <![CDATA[Google Pixel 3]]>
              </value>
            </param>
          </params>
          <reporter-output>
          </reporter-output>
        </test-method> <!-- beforeTest -->
        <test-method is-config="true" signature="beforeClass()[pri:0, instance:com.QA.Test.TC001_LoginTest@15bb5034]" started-at="2022-10-19T13:18:37 IST" name="beforeClass" finished-at="2022-10-19T13:18:39 IST" duration-ms="1650" status="PASS">
          <reporter-output>
          </reporter-output>
        </test-method> <!-- beforeClass -->
        <test-method is-config="true" signature="beforeMethod(java.lang.reflect.Method)[pri:0, instance:com.QA.Test.TC001_LoginTest@15bb5034]" started-at="2022-10-19T13:18:39 IST" name="beforeMethod" finished-at="2022-10-19T13:18:39 IST" duration-ms="164" status="PASS">
          <params>
            <param index="0">
              <value>
                <![CDATA[public void com.QA.Test.TC001_LoginTest.invalidPassword()]]>
              </value>
            </param>
          </params>
          <reporter-output>
          </reporter-output>
        </test-method> <!-- beforeMethod -->
        <test-method signature="invalidPassword()[pri:0, instance:com.QA.Test.TC001_LoginTest@15bb5034]" started-at="2022-10-19T13:18:39 IST" name="invalidPassword" finished-at="2022-10-19T13:18:53 IST" duration-ms="13615" status="PASS">
          <reporter-output>
          </reporter-output>
        </test-method> <!-- invalidPassword -->
        <test-method is-config="true" signature="afterMethod()[pri:0, instance:com.QA.Test.TC001_LoginTest@15bb5034]" started-at="2022-10-19T13:18:53 IST" name="afterMethod" finished-at="2022-10-19T13:18:54 IST" duration-ms="1569" status="PASS">
          <reporter-output>
          </reporter-output>
        </test-method> <!-- afterMethod -->
        <test-method is-config="true" signature="beforeMethod(java.lang.reflect.Method)[pri:0, instance:com.QA.Test.TC001_LoginTest@15bb5034]" started-at="2022-10-19T13:18:54 IST" name="beforeMethod" finished-at="2022-10-19T13:18:54 IST" duration-ms="12" status="PASS">
          <params>
            <param index="0">
              <value>
                <![CDATA[public void com.QA.Test.TC001_LoginTest.invalidUserName()]]>
              </value>
            </param>
          </params>
          <reporter-output>
          </reporter-output>
        </test-method> <!-- beforeMethod -->
        <test-method signature="invalidUserName()[pri:0, instance:com.QA.Test.TC001_LoginTest@15bb5034]" started-at="2022-10-19T13:18:54 IST" name="invalidUserName" finished-at="2022-10-19T13:19:08 IST" duration-ms="13456" status="PASS">
          <reporter-output>
          </reporter-output>
        </test-method> <!-- invalidUserName -->
        <test-method is-config="true" signature="afterMethod()[pri:0, instance:com.QA.Test.TC001_LoginTest@15bb5034]" started-at="2022-10-19T13:19:08 IST" name="afterMethod" finished-at="2022-10-19T13:19:09 IST" duration-ms="1803" status="PASS">
          <reporter-output>
          </reporter-output>
        </test-method> <!-- afterMethod -->
        <test-method is-config="true" signature="beforeMethod(java.lang.reflect.Method)[pri:0, instance:com.QA.Test.TC001_LoginTest@15bb5034]" started-at="2022-10-19T13:19:09 IST" name="beforeMethod" finished-at="2022-10-19T13:19:09 IST" duration-ms="6" status="PASS">
          <params>
            <param index="0">
              <value>
                <![CDATA[public void com.QA.Test.TC001_LoginTest.successfulLogin()]]>
              </value>
            </param>
          </params>
          <reporter-output>
          </reporter-output>
        </test-method> <!-- beforeMethod -->
        <test-method signature="successfulLogin()[pri:0, instance:com.QA.Test.TC001_LoginTest@15bb5034]" started-at="2022-10-19T13:19:09 IST" name="successfulLogin" finished-at="2022-10-19T13:19:21 IST" duration-ms="11658" status="PASS">
          <reporter-output>
          </reporter-output>
        </test-method> <!-- successfulLogin -->
        <test-method is-config="true" signature="afterMethod()[pri:0, instance:com.QA.Test.TC001_LoginTest@15bb5034]" started-at="2022-10-19T13:19:21 IST" name="afterMethod" finished-at="2022-10-19T13:19:23 IST" duration-ms="1644" status="PASS">
          <reporter-output>
          </reporter-output>
        </test-method> <!-- afterMethod -->
        <test-method is-config="true" signature="afterClass()[pri:0, instance:com.QA.Test.TC001_LoginTest@15bb5034]" started-at="2022-10-19T13:19:23 IST" name="afterClass" finished-at="2022-10-19T13:19:23 IST" duration-ms="1" status="PASS">
          <reporter-output>
          </reporter-output>
        </test-method> <!-- afterClass -->
        <test-method is-config="true" signature="afterTest()[pri:0, instance:com.QA.Test.TC001_LoginTest@15bb5034]" started-at="2022-10-19T13:19:23 IST" name="afterTest" finished-at="2022-10-19T13:19:24 IST" duration-ms="1280" status="PASS">
          <reporter-output>
          </reporter-output>
        </test-method> <!-- afterTest -->
      </class> <!-- com.QA.Test.TC001_LoginTest -->
    </test> <!-- Test -->
  </suite> <!-- Suite -->
</testng-results>
