<?xml version="1.0" encoding="UTF-8"?>
<testsuite xmlns:xsi="http://www.w3.org/2001/XMLSchema-instance" xsi:noNamespaceSchemaLocation="https://maven.apache.org/surefire/maven-surefire-plugin/xsd/surefire-test-report-3.0.xsd" version="3.0" name="TestSuite" time="81.292" tests="3" errors="0" skipped="0" failures="0">
  <properties>
[...]
</properties>
  <testcase name="invalidPassword" classname="com.QA.Test.TC001_LoginTest" time="13.627">
    <system-out><![CDATA[[INFO ] 2022-10-19 13:18:05.389 com.QA.Base.BaseTest:209 - log path: logs\Android_Google Pixel 3
[INFO ] 2022-10-19 13:18:05.394 com.QA.Base.BaseTest:216 - load config.properties
[INFO ] 2022-10-19 13:18:05.397 com.QA.Base.BaseTest:221 - load strings/strings.xml
[INFO ] 2022-10-19 13:18:05.411 com.QA.Base.BaseTest:246 - appUrl isD:\Projects\SauceMobile\Sauce\src\test\resources\app\Android.SauceLabs.Mobile.Sample.app.2.2.1.apk
[INFO ] 2022-10-19 13:18:37.597 com.QA.Base.BaseTest:264 - driver initialized: io.appium.java_client.android.AndroidDriver, Capabilities: {64bit=false, acceptSslCert=false, acceptSslCerts=false, adbExecTimeout=120000, appActivity=com.swaglabsmobileapp.SplashActivity, appPackage=com.swaglabsmobileapp, automationName=uiautomator2, browserstack-tunnel=true, browserstack.appium_version=1.17.0, browserstack.is_hub_canary=false, browserstack.minOSVersion=4.1, buildName=My First Build, bundleID=com.swaglabsmobileapp, bundleId=com.swaglabsmobileapp, capabilities={platform=ANDROID, webStorageEnabled=false, takesScreenshot=true, javascriptEnabled=true, databaseEnabled=false, networkConnectionEnabled=true, locationContextEnabled=false, warnings={}, systemPort=8204, udid=8ATX0Z2L4, chromedriverPort=18084, os_version=9.0, platformName=Android, device=google pixel 3, browserstack.is_hub_canary=false, acceptSslCert=false, detected_language=selenium/3.141.59 (java windows), new_bucketing=true, browserstack-tunnel=true, osVersion=9.0, deviceName=8ATX0Z2L4, sessionName=Bstack-[Java] Sample Test, buildName=My First Build, projectName=My First Project, chromeOptions={w3c=false}, browserstack.minOSVersion=4.1, appPackage=com.swaglabsmobileapp, appActivity=com.swaglabsmobileapp.SplashActivity, bundleID=com.swaglabsmobileapp, bundleId=com.swaglabsmobileapp, nativeWebScreenshot=true, version=, mobile={browser=mobile, version=Google Pixel 3-9.0}, orig_os=android, 64bit=false, automationName=uiautomator2, disableSuppressAccessibilityService=true, adbExecTimeout=120000, uiautomator2ServerLaunchTimeout=60000, newCommandTimeout=0, browserstack.appium_version=1.17.0, skipServerInstallation=true, realMobile=true, acceptSslCerts=false, enablePerformanceLogging=false, chromedriverPorts=[[18144, 18154]], deviceUDID=8ATX0Z2L4, deviceApiLevel=28, platformVersion=9, deviceScreenSize=1080x2160, deviceScreenDensity=440, deviceModel=Pixel 3, deviceManufacturer=Google, pixelRatio=2.75, statBarHeight=66, viewportRect={left=0, top=66, width=1080, height=1962}, sessionId=84fb9578c6f6fb6f0fef56c0699c12cb907857c8}, chromeOptions={w3c=false}, chromedriverPort=18084, chromedriverPorts=[[18144, 18154]], databaseEnabled=false, detected_language=selenium/3.141.59 (java windows), device=google pixel 3, deviceApiLevel=28, deviceManufacturer=Google, deviceModel=Pixel 3, deviceName=8ATX0Z2L4, deviceScreenDensity=440, deviceScreenSize=1080x2160, deviceUDID=8ATX0Z2L4, disableSuppressAccessibilityService=true, enablePerformanceLogging=false, javascriptEnabled=true, locationContextEnabled=false, mobile={browser=mobile, version=Google Pixel 3-9.0}, nativeWebScreenshot=true, networkConnectionEnabled=true, newCommandTimeout=0, new_bucketing=true, orig_os=android, osVersion=9.0, os_version=9.0, pixelRatio=2.75, platform=ANDROID, platformName=Android, platformVersion=9, projectName=My First Project, realMobile=true, sessionId=84fb9578c6f6fb6f0fef56c0699c12cb907857c8, sessionName=Bstack-[Java] Sample Test, skipServerInstallation=true, statBarHeight=66, systemPort=8204, takesScreenshot=true, udid=8ATX0Z2L4, uiautomator2ServerLaunchTimeout=60000, version=, viewportRect={left=0, top=66, width=1080, height=1962}, warnings={}, webStorageEnabled=false}
[INFO ] 2022-10-19 13:18:39.298 com.QA.Test.TC001_LoginTest:52 - 
****** starting test:invalidPassword******

[INFO ] 2022-10-19 13:18:42.962 com.QA.Base.BaseTest:313 - login with standard_user
[INFO ] 2022-10-19 13:18:47.435 com.QA.Base.BaseTest:313 - password is invalidpassword
[INFO ] 2022-10-19 13:18:49.892 com.QA.Base.BaseTest:301 - press login button
[INFO ] 2022-10-19 13:18:53.059 com.QA.Base.BaseTest:333 - error text is - Username and password do not match any user in this service.
]]></system-out>
    <system-err><![CDATA[Oct 19, 2022 1:18:37 PM io.appium.java_client.remote.AppiumCommandExecutor$1 lambda$0
INFO: Detected dialect: OSS
]]></system-err>
  </testcase>
  <testcase name="invalidUserName" classname="com.QA.Test.TC001_LoginTest" time="13.456">
    <system-out><![CDATA[[INFO ] 2022-10-19 13:18:54.661 com.QA.Test.TC001_LoginTest:52 - 
****** starting test:invalidUserName******

[INFO ] 2022-10-19 13:18:58.620 com.QA.Base.BaseTest:313 - login with invalidusername
[INFO ] 2022-10-19 13:19:02.419 com.QA.Base.BaseTest:313 - password is secret_sauce
[INFO ] 2022-10-19 13:19:05.070 com.QA.Base.BaseTest:301 - press login button
[INFO ] 2022-10-19 13:19:08.126 com.QA.Base.BaseTest:333 - error text is - Username and password do not match any user in this service.
]]></system-out>
  </testcase>
  <testcase name="successfulLogin" classname="com.QA.Test.TC001_LoginTest" time="11.65">
    <system-out><![CDATA[[INFO ] 2022-10-19 13:19:09.941 com.QA.Test.TC001_LoginTest:52 - 
****** starting test:successfulLogin******

[INFO ] 2022-10-19 13:19:13.613 com.QA.Base.BaseTest:313 - login with standard_user
[INFO ] 2022-10-19 13:19:18.307 com.QA.Base.BaseTest:313 - password is secret_sauce
[INFO ] 2022-10-19 13:19:20.649 com.QA.Base.BaseTest:301 - press login button
]]></system-out>
  </testcase>
</testsuite>