<?xml version="1.0" encoding="UTF-8"?>
<testng-results ignored="0" total="3" passed="3" failed="0" skipped="0">
  <reporter-output>
  </reporter-output>
  <suite started-at="2022-10-19T13:14:02 IST" name="Suite" finished-at="2022-10-19T13:15:14 IST" duration-ms="71810">
    <groups>
    </groups>
    <test started-at="2022-10-19T13:14:02 IST" name="Test" finished-at="2022-10-19T13:15:14 IST" duration-ms="71810">
      <class name="com.QA.Test.TC001_LoginTest">
        <test-method is-config="true" signature="beforeTest(java.lang.String,java.lang.String,java.lang.String)[pri:0, instance:com.QA.Test.TC001_LoginTest@273444fe]" started-at="2022-10-19T13:14:02 IST" name="beforeTest" finished-at="2022-10-19T13:14:26 IST" duration-ms="24662" status="PASS">
          <params>
            <param index="0">
              <value>
                <![CDATA[false]]>
              </value>
            </param>
            <param index="1">
              <value>
                <![CDATA[Android]]>
              </value>
            </param>
            <param index="2">
              <value>
                <![CDATA[Google Pixel 3]]>
              </value>
            </param>
          </params>
          <reporter-output>
          </reporter-output>
        </test-method> <!-- beforeTest -->
        <test-method is-config="true" signature="beforeClass()[pri:0, instance:com.QA.Test.TC001_LoginTest@273444fe]" started-at="2022-10-19T13:14:26 IST" name="beforeClass" finished-at="2022-10-19T13:14:28 IST" duration-ms="1581" status="PASS">
          <reporter-output>
          </reporter-output>
        </test-method> <!-- beforeClass -->
        <test-method is-config="true" signature="beforeMethod(java.lang.reflect.Method)[pri:0, instance:com.QA.Test.TC001_LoginTest@273444fe]" started-at="2022-10-19T13:14:28 IST" name="beforeMethod" finished-at="2022-10-19T13:14:28 IST" duration-ms="183" status="PASS">
          <params>
            <param index="0">
              <value>
                <![CDATA[public void com.QA.Test.TC001_LoginTest.invalidPassword()]]>
              </value>
            </param>
          </params>
          <reporter-output>
          </reporter-output>
        </test-method> <!-- beforeMethod -->
        <test-method signature="invalidPassword()[pri:0, instance:com.QA.Test.TC001_LoginTest@273444fe]" started-at="2022-10-19T13:14:28 IST" name="invalidPassword" finished-at="2022-10-19T13:14:41 IST" duration-ms="12965" status="PASS">
          <reporter-output>
          </reporter-output>
        </test-method> <!-- invalidPassword -->
        <test-method is-config="true" signature="afterMethod()[pri:0, instance:com.QA.Test.TC001_LoginTest@273444fe]" started-at="2022-10-19T13:14:41 IST" name="afterMethod" finished-at="2022-10-19T13:14:43 IST" duration-ms="1622" status="PASS">
          <reporter-output>
          </reporter-output>
        </test-method> <!-- afterMethod -->
        <test-method is-config="true" signature="beforeMethod(java.lang.reflect.Method)[pri:0, instance:com.QA.Test.TC001_LoginTest@273444fe]" started-at="2022-10-19T13:14:43 IST" name="beforeMethod" finished-at="2022-10-19T13:14:43 IST" duration-ms="2" status="PASS">
          <params>
            <param index="0">
              <value>
                <![CDATA[public void com.QA.Test.TC001_LoginTest.invalidUserName()]]>
              </value>
            </param>
          </params>
          <reporter-output>
          </reporter-output>
        </test-method> <!-- beforeMethod -->
        <test-method signature="invalidUserName()[pri:0, instance:com.QA.Test.TC001_LoginTest@273444fe]" started-at="2022-10-19T13:14:43 IST" name="invalidUserName" finished-at="2022-10-19T13:14:56 IST" duration-ms="13588" status="PASS">
          <reporter-output>
          </reporter-output>
        </test-method> <!-- invalidUserName -->
        <test-method is-config="true" signature="afterMethod()[pri:0, instance:com.QA.Test.TC001_LoginTest@273444fe]" started-at="2022-10-19T13:14:56 IST" name="afterMethod" finished-at="2022-10-19T13:14:58 IST" duration-ms="1572" status="PASS">
          <reporter-output>
          </reporter-output>
        </test-method> <!-- afterMethod -->
        <test-method is-config="true" signature="beforeMethod(java.lang.reflect.Method)[pri:0, instance:com.QA.Test.TC001_LoginTest@273444fe]" started-at="2022-10-19T13:14:58 IST" name="beforeMethod" finished-at="2022-10-19T13:14:58 IST" duration-ms="3" status="PASS">
          <params>
            <param index="0">
              <value>
                <![CDATA[public void com.QA.Test.TC001_LoginTest.successfulLogin()]]>
              </value>
            </param>
          </params>
          <reporter-output>
          </reporter-output>
        </test-method> <!-- beforeMethod -->
        <test-method signature="successfulLogin()[pri:0, instance:com.QA.Test.TC001_LoginTest@273444fe]" started-at="2022-10-19T13:14:58 IST" name="successfulLogin" finished-at="2022-10-19T13:15:09 IST" duration-ms="11440" status="PASS">
          <reporter-output>
          </reporter-output>
        </test-method> <!-- successfulLogin -->
        <test-method is-config="true" signature="afterMethod()[pri:0, instance:com.QA.Test.TC001_LoginTest@273444fe]" started-at="2022-10-19T13:15:09 IST" name="afterMethod" finished-at="2022-10-19T13:15:11 IST" duration-ms="1593" status="PASS">
          <reporter-output>
          </reporter-output>
        </test-method> <!-- afterMethod -->
        <test-method is-config="true" signature="afterClass()[pri:0, instance:com.QA.Test.TC001_LoginTest@273444fe]" started-at="2022-10-19T13:15:11 IST" name="afterClass" finished-at="2022-10-19T13:15:11 IST" duration-ms="1" status="PASS">
          <reporter-output>
          </reporter-output>
        </test-method> <!-- afterClass -->
        <test-method is-config="true" signature="afterTest()[pri:0, instance:com.QA.Test.TC001_LoginTest@273444fe]" started-at="2022-10-19T13:15:11 IST" name="afterTest" finished-at="2022-10-19T13:15:14 IST" duration-ms="2553" status="PASS">
          <reporter-output>
          </reporter-output>
        </test-method> <!-- afterTest -->
      </class> <!-- com.QA.Test.TC001_LoginTest -->
    </test> <!-- Test -->
  </suite> <!-- Suite -->
</testng-results>
